<?xml version="1.0" encoding="UTF-8"?>
<!--
 DO NOT ALTER OR REMOVE COPYRIGHT NOTICES OR THIS HEADER.

 Copyright (c) 2025 Payara Foundation and/or its affiliates.
 All rights reserved.

 The contents of this file are subject to the terms of the Common Development
 and Distribution License("CDDL") (collectively, the "License").  You
 may not use this file except in compliance with the License.  You can
 obtain a copy of the License at
 https://glassfish.dev.java.net/public/CDDL+GPL_1_1.html
 or packager/legal/LICENSE.txt.  See the License for the specific
 language governing permissions and limitations under the License.

 When distributing the software, include this License Header Notice in each
 file and include the License file at packager/legal/LICENSE.txt.
 -->
<persistence version="3.0" xmlns="https://jakarta.ee/xml/ns/persistence" xmlns:xsi="http://www.w3.org/2001/XMLSchema-instance" xsi:schemaLocation="https://jakarta.ee/xml/ns/persistence              https://jakarta.ee/xml/ns/persistence/persistence_3_0.xsd">
  <persistence-unit name="payaraEmbedded" transaction-type="JTA">
    <properties>
      <property name="jakarta.persistence.schema-generation.database.action" value="drop-and-create"/>
    </properties>
  </persistence-unit>
</persistence>
